Build started 3/22/2015 6:41:35 PM.
     1>Project "H:\Users\w0267422\Source\Workspaces\PROG 2400\Assignment_2_Maze_Solver\Assignment_2_Maze_Solver\Assignment_2_Maze_Solver.vcxproj" on node 2 (Build target(s)).
     1>ClCompile:
         F:\Visual Studio 2013\VC\bin\CL.exe /c /ZI /nologo /W3 /WX- /sdl /Od /Oy- /D WIN32 /D _DEBUG /D _CONSOLE /D _LIB /D _UNICODE /D UNICODE /Gm /EHsc /RTC1 /MDd /GS /fp:precise /Zc:wchar_t /Zc:forScope /Fo"Debug\\" /Fd"Debug\vc120.pdb" /Gd /TP /analyze- /errorReport:prompt Source.cpp
         Source.cpp
     1>h:\users\w0267422\source\workspaces\prog 2400\assignment_2_maze_solver\assignment_2_maze_solver\source.cpp(19): fatal error C1083: Cannot open include file: 'boost/regex.hpp': No such file or directory
     1>Done Building Project "H:\Users\w0267422\Source\Workspaces\PROG 2400\Assignment_2_Maze_Solver\Assignment_2_Maze_Solver\Assignment_2_Maze_Solver.vcxproj" (Build target(s)) -- FAILED.

Build FAILED.

Time Elapsed 00:00:00.28
