Build started 3/22/2015 6:43:36 PM.
     1>Project "H:\Users\w0267422\Source\Workspaces\PROG 2400\Assignment_1_Linked_Lists\Assignment_1_Linked_Lists\Assignment_1_Linked_Lists.vcxproj" on node 2 (Build target(s)).
     1>ClCompile:
         F:\Visual Studio 2013\VC\bin\CL.exe /c /ZI /nologo /W3 /WX- /sdl- /Od /Oy- /D WIN32 /D _DEBUG /D _CONSOLE /D _LIB /D _UNICODE /D UNICODE /Gm /EHsc /RTC1 /MDd /GS /fp:precise /Zc:wchar_t /Zc:forScope /Fo"Debug\\" /Fd"Debug\vc120.pdb" /Gd /TP /analyze- /errorReport:prompt FileIO.cpp LinkedList.cpp Node.cpp File.cpp Source.cpp
         Source.cpp
     1>h:\users\w0267422\source\workspaces\prog 2400\assignment_1_linked_lists\assignment_1_linked_lists\file.h(10): fatal error C1083: Cannot open include file: 'boost/algorithm/string/predicate.hpp': No such file or directory
         File.cpp
     1>h:\users\w0267422\source\workspaces\prog 2400\assignment_1_linked_lists\assignment_1_linked_lists\file.h(10): fatal error C1083: Cannot open include file: 'boost/algorithm/string/predicate.hpp': No such file or directory
         Node.cpp
         LinkedList.cpp
         FileIO.cpp
         Generating Code...
     1>Done Building Project "H:\Users\w0267422\Source\Workspaces\PROG 2400\Assignment_1_Linked_Lists\Assignment_1_Linked_Lists\Assignment_1_Linked_Lists.vcxproj" (Build target(s)) -- FAILED.

Build FAILED.

Time Elapsed 00:00:02.10
